[2026-01-15 21:19:40.219536 UTC] User8 (Batt: 86%) -> User6 (Topic: News)
[2026-01-15 21:19:40.22506 UTC] User9 (Batt: 13%) -> User1 (Topic: Tech)
[2026-01-15 21:19:40.225061 UTC] User6 (Batt: 98%) -> User2 (Topic: Tech)
[2026-01-15 21:19:40.230719 UTC] User5 (Batt: 84%) -> User10 (Topic: News)
[2026-01-15 21:19:40.242298 UTC] User4 (Batt: 16%) -> User9 (Topic: Sports)
[2026-01-15 21:19:40.251642 UTC] User2 (Batt: 16%) -> User3 (Topic: Random)
[2026-01-15 21:19:40.251642 UTC] User6 (Batt: 96%) -> User10 (Topic: Music)
[2026-01-15 21:19:40.257303 UTC] User4 (Batt: 14%) -> User5 (Topic: News)
[2026-01-15 21:19:40.259569 UTC] User7 (Batt: 44%) -> User3 (Topic: Sports)
[2026-01-15 21:19:40.262822 UTC] User10 (Batt: 27%) -> User9 (Topic: Random)
[2026-01-15 21:19:40.279895 UTC] User4 (Batt: 12%) -> User6 (Topic: Tech)
[2026-01-15 21:19:40.291294 UTC] User2 (Batt: 14%) -> User4 (Topic: Random)
[2026-01-15 21:19:40.301625 UTC] User1 (Batt: 69%) -> User2 (Topic: Random)
[2026-01-15 21:19:40.305005 UTC] User3 (Batt: 65%) -> User4 (Topic: Music)
[2026-01-15 21:19:40.307272 UTC] User9 (Batt: 11%) -> User10 (Topic: Tech)
[2026-01-15 21:19:40.308425 UTC] User2 (Batt: 12%) -> User10 (Topic: Music)
[2026-01-15 21:19:40.309565 UTC] User8 (Batt: 84%) -> User6 (Topic: Random)
[2026-01-15 21:19:40.315214 UTC] User4 (Batt: 10%) -> User6 (Topic: Random)
[2026-01-15 21:19:40.317485 UTC] User7 (Batt: 42%) -> User2 (Topic: News)
[2026-01-15 21:19:40.324333 UTC] User10 (Batt: 25%) -> User5 (Topic: Sports)
[2026-01-15 21:19:40.331149 UTC] User5 (Batt: 82%) -> User2 (Topic: Random)
[2026-01-15 21:19:40.336855 UTC] User10 (Batt: 23%) -> User2 (Topic: Sports)
[2026-01-15 21:19:40.347864 UTC] User6 (Batt: 94%) -> User5 (Topic: Sports)
[2026-01-15 21:19:40.356926 UTC] User4 (Batt: 8%) -> User2 (Topic: News)
[2026-01-15 21:19:40.375976 UTC] User7 (Batt: 40%) -> User1 (Topic: Random)
[2026-01-15 21:19:40.380486 UTC] User10 (Batt: 21%) -> User6 (Topic: Sports)
[2026-01-15 21:19:40.380488 UTC] User6 (Batt: 92%) -> User2 (Topic: Sports)
[2026-01-15 21:19:40.385043 UTC] User8 (Batt: 82%) -> User9 (Topic: News)
[2026-01-15 21:19:40.387299 UTC] User9 (Batt: 9%) -> User8 (Topic: Random)
[2026-01-15 21:19:40.390724 UTC] User7 (Batt: 38%) -> User3 (Topic: News)
[2026-01-15 21:19:40.395255 UTC] User3 (Batt: 63%) -> User8 (Topic: Random)
[2026-01-15 21:19:40.400946 UTC] User10 (Batt: 19%) -> User1 (Topic: Sports)
[2026-01-15 21:19:40.400955 UTC] User1 (Batt: 67%) -> User6 (Topic: Sports)
[2026-01-15 21:19:40.400968 UTC] User2 (Batt: 10%) -> User5 (Topic: News)
[2026-01-15 21:19:40.402148 UTC] User4 (Batt: 6%) -> User1 (Topic: Music)
[2026-01-15 21:19:40.418172 UTC] User9 (Batt: 7%) -> User4 (Topic: Music)
[2026-01-15 21:19:40.418172 UTC] User8 (Batt: 80%) -> User7 (Topic: News)
[2026-01-15 21:19:40.420426 UTC] User3 (Batt: 61%) -> User7 (Topic: Random)
[2026-01-15 21:19:40.426108 UTC] User5 (Batt: 80%) -> User6 (Topic: Random)
[2026-01-15 21:19:40.445303 UTC] User6 (Batt: 90%) -> User8 (Topic: Music)
[2026-01-15 21:19:40.445303 UTC] User5 (Batt: 78%) -> User9 (Topic: Tech)
[2026-01-15 21:19:40.458392 UTC] User3 (Batt: 59%) -> User5 (Topic: News)
[2026-01-15 21:19:40.4618 UTC] User6 (Batt: 88%) -> User10 (Topic: Music)
[2026-01-15 21:19:40.464064 UTC] User4 (Batt: 4%) -> User1 (Topic: Tech)
[2026-01-15 21:19:40.467429 UTC] User5 (Batt: 76%) -> User3 (Topic: Sports)
[2026-01-15 21:19:40.47177 UTC] User2 (Batt: 8%) -> User3 (Topic: Sports)
[2026-01-15 21:19:40.472848 UTC] User1 (Batt: 65%) -> User6 (Topic: News)
[2026-01-15 21:19:40.477359 UTC] User8 (Batt: 78%) -> User5 (Topic: Music)
[2026-01-15 21:19:40.481887 UTC] User7 (Batt: 36%) -> User4 (Topic: Music)
[2026-01-15 21:19:40.491192 UTC] User10 (Batt: 17%) -> User7 (Topic: Random)
[2026-01-15 21:19:40.491199 UTC] User1 (Batt: 63%) -> User3 (Topic: Tech)
[2026-01-15 21:19:40.496954 UTC] User3 (Batt: 57%) -> User8 (Topic: Random)
[2026-01-15 21:19:40.499254 UTC] User9 (Batt: 5%) -> User5 (Topic: Random)
[2026-01-15 21:19:40.501526 UTC] User4 (Batt: 2%) -> User5 (Topic: Music)
[2026-01-15 21:19:40.514334 UTC] User5 (Batt: 74%) -> User9 (Topic: News)
[2026-01-15 21:19:40.521112 UTC] User8 (Batt: 76%) -> User3 (Topic: News)
[2026-01-15 21:19:40.522232 UTC] User1 (Batt: 61%) -> User2 (Topic: Random)
[2026-01-15 21:19:40.531025 UTC] User9 (Batt: 3%) -> User10 (Topic: Sports)
[2026-01-15 21:19:40.531025 UTC] User3 (Batt: 55%) -> User5 (Topic: Tech)
[2026-01-15 21:19:40.541196 UTC] User7 (Batt: 34%) -> User10 (Topic: Sports)
[2026-01-15 21:19:40.546838 UTC] User10 (Batt: 15%) -> User8 (Topic: Music)
[2026-01-15 21:19:40.551357 UTC] User6 (Batt: 86%) -> User2 (Topic: Sports)
[2026-01-15 21:19:40.55248 UTC] User2 (Batt: 6%) -> User10 (Topic: News)
[2026-01-15 21:19:40.560392 UTC] User8 (Batt: 74%) -> User7 (Topic: Music)
[2026-01-15 21:19:40.562651 UTC] User3 (Batt: 53%) -> User2 (Topic: News)
[2026-01-15 21:19:40.56975 UTC] User5 (Batt: 72%) -> User3 (Topic: Sports)
[2026-01-15 21:19:40.580769 UTC] User4 (Batt: 0%) -> User9 (Topic: News)
[2026-01-15 21:19:40.588164 UTC] User1 (Batt: 59%) -> User7 (Topic: Random)
[2026-01-15 21:19:40.589307 UTC] User9 (Batt: 1%) -> User7 (Topic: News)
[2026-01-15 21:19:40.606141 UTC] User8 (Batt: 72%) -> User1 (Topic: Music)
[2026-01-15 21:19:40.608383 UTC] User6 (Batt: 84%) -> User10 (Topic: Tech)
[2026-01-15 21:19:40.610643 UTC] User10 (Batt: 13%) -> User5 (Topic: Random)
[2026-01-15 21:19:40.612853 UTC] User7 (Batt: 32%) -> User3 (Topic: Random)
[2026-01-15 21:19:40.626921 UTC] User5 (Batt: 70%) -> User6 (Topic: Random)
[2026-01-15 21:19:40.629179 UTC] User8 (Batt: 70%) -> User10 (Topic: Sports)
[2026-01-15 21:19:40.634277 UTC] User3 (Batt: 51%) -> User9 (Topic: Music)
[2026-01-15 21:19:40.64207 UTC] User10 (Batt: 11%) -> User4 (Topic: Tech)
[2026-01-15 21:19:40.64661 UTC] User6 (Batt: 82%) -> User10 (Topic: Sports)
[2026-01-15 21:19:40.651114 UTC] User2 (Batt: 4%) -> User9 (Topic: Random)
[2026-01-15 21:19:40.664362 UTC] User5 (Batt: 68%) -> User6 (Topic: Music)
[2026-01-15 21:19:40.670057 UTC] User9 (Batt: 0%) -> User10 (Topic: Tech)
[2026-01-15 21:19:40.67021 UTC] User1 (Batt: 57%) -> User4 (Topic: Sports)
--- User4 run out of battery ---
[2026-01-15 21:19:40.679088 UTC] User7 (Batt: 30%) -> User8 (Topic: News)
--- User9 run out of battery ---
[2026-01-15 21:19:40.688189 UTC] User5 (Batt: 66%) -> User1 (Topic: Music)
[2026-01-15 21:19:40.695017 UTC] User10 (Batt: 9%) -> User4 (Topic: News)
[2026-01-15 21:19:40.696156 UTC] User8 (Batt: 68%) -> User4 (Topic: News)
[2026-01-15 21:19:40.704707 UTC] User6 (Batt: 80%) -> User1 (Topic: Random)
[2026-01-15 21:19:40.706962 UTC] User2 (Batt: 2%) -> User8 (Topic: Tech)
[2026-01-15 21:19:40.7126 UTC] User3 (Batt: 49%) -> User5 (Topic: Tech)
[2026-01-15 21:19:40.7283 UTC] User10 (Batt: 7%) -> User7 (Topic: Music)
[2026-01-15 21:19:40.728303 UTC] User7 (Batt: 28%) -> User4 (Topic: Tech)
[2026-01-15 21:19:40.733953 UTC] User5 (Batt: 64%) -> User3 (Topic: Sports)
[2026-01-15 21:19:40.747009 UTC] User2 (Batt: 0%) -> User4 (Topic: Music)
[2026-01-15 21:19:40.75707 UTC] User6 (Batt: 78%) -> User4 (Topic: News)
[2026-01-15 21:19:40.760457 UTC] User1 (Batt: 55%) -> User5 (Topic: Sports)
[2026-01-15 21:19:40.784523 UTC] User8 (Batt: 66%) -> User10 (Topic: Sports)
[2026-01-15 21:19:40.792439 UTC] User6 (Batt: 76%) -> User3 (Topic: Tech)
[2026-01-15 21:19:40.793547 UTC] User1 (Batt: 53%) -> User7 (Topic: Sports)
--- User2 run out of battery ---
[2026-01-15 21:19:40.803807 UTC] User3 (Batt: 47%) -> User10 (Topic: Random)
[2026-01-15 21:19:40.807207 UTC] User10 (Batt: 5%) -> User8 (Topic: Tech)
